<?xml version="1.0" encoding="UTF-8"?>
<!-- Generated by org.testng.reporters.JUnitReportReporter -->
<testsuite skipped="0" hostname="DESKTOP-IGMOA06" name="TestCases.VendorActiveInactiveStatus" tests="1" failures="0" timestamp="2020-02-11T13:20:23 IST" time="27.585" errors="0">
  <testcase name="testSteps" time="27.585" classname="TestCases.VendorActiveInactiveStatus"/>
</testsuite> <!-- TestCases.VendorActiveInactiveStatus -->
