<?xml version="1.0" encoding="UTF-8"?>
<!-- Generated by org.testng.reporters.JUnitReportReporter -->
<testsuite skipped="0" hostname="user-2" name="TestCases.DraftDailyexpense" tests="1" failures="0" timestamp="06 Dec 2019 12:05:17 GMT" time="39.280" errors="0">
  <testcase name="testSteps" time="39.280" classname="TestCases.DraftDailyexpense"/>
</testsuite> <!-- TestCases.DraftDailyexpense -->
