<?xml version="1.0" encoding="UTF-8"?>
<!-- Generated by org.testng.reporters.JUnitReportReporter -->
<testsuite skipped="0" hostname="DESKTOP-IGMOA06" name="TestCases.RedchilliesDeleteFoodExpense" tests="1" failures="0" timestamp="2020-02-10T12:33:57 IST" time="53.790" errors="0">
  <testcase name="testSteps" time="53.790" classname="TestCases.RedchilliesDeleteFoodExpense"/>
</testsuite> <!-- TestCases.RedchilliesDeleteFoodExpense -->
