<?xml version="1.0" encoding="UTF-8"?>
<!-- Generated by org.testng.reporters.JUnitReportReporter -->
<testsuite skipped="0" hostname="user-2" name="TestCases.EditDailyExpense" tests="1" failures="0" timestamp="07 Dec 2019 06:47:39 GMT" time="40.542" errors="0">
  <testcase name="testSteps" time="40.542" classname="TestCases.EditDailyExpense"/>
</testsuite> <!-- TestCases.EditDailyExpense -->
