<?xml version="1.0" encoding="UTF-8"?>
<!-- Generated by org.testng.reporters.JUnitReportReporter -->
<testsuite skipped="0" hostname="DESKTOP-IGMOA06" name="TestCases.ApproveInvoice" tests="2" failures="0" timestamp="2020-02-03T14:58:49 IST" time="67.673" errors="0">
  <testcase name="testSteps" time="30.984" classname="TestCases.ApproveInvoice"/>
  <testcase name="testSteps" time="36.689" classname="TestCases.ApproveInvoice"/>
</testsuite> <!-- TestCases.ApproveInvoice -->
