<?xml version="1.0" encoding="UTF-8"?>
<!-- Generated by org.testng.reporters.JUnitReportReporter -->
<testsuite skipped="0" hostname="DESKTOP-IGMOA06" name="TestCases.DeleteInvoiceDetails" tests="1" failures="0" timestamp="2020-02-11T16:29:15 IST" time="23.678" errors="0">
  <testcase name="testSteps" time="23.678" classname="TestCases.DeleteInvoiceDetails"/>
</testsuite> <!-- TestCases.DeleteInvoiceDetails -->
