<?xml version="1.0" encoding="UTF-8"?>
<!-- Generated by org.testng.reporters.JUnitReportReporter -->
<testsuite skipped="0" hostname="DESKTOP-IGMOA06" name="TestCases.ApproveOtherExpense" tests="2" failures="0" timestamp="2020-02-01T13:16:15 IST" time="121.452" errors="0">
  <testcase name="testSteps" time="62.309" classname="TestCases.ApproveOtherExpense"/>
  <testcase name="testSteps" time="59.143" classname="TestCases.ApproveOtherExpense"/>
</testsuite> <!-- TestCases.ApproveOtherExpense -->
