<?xml version="1.0" encoding="UTF-8"?>
<!-- Generated by org.testng.reporters.JUnitReportReporter -->
<testsuite skipped="0" hostname="user-2" name="TestCases.RedchilliesApplyFoodclaim" tests="1" failures="0" timestamp="21 Sep 2019 11:47:26 GMT" time="25.481" errors="0">
  <testcase name="testSteps" time="25.481" classname="TestCases.RedchilliesApplyFoodclaim"/>
</testsuite> <!-- TestCases.RedchilliesApplyFoodclaim -->
