<?xml version="1.0" encoding="UTF-8"?>
<!-- Generated by org.testng.reporters.JUnitReportReporter -->
<testsuite skipped="0" hostname="DESKTOP-IGMOA06" name="TestCases.ApproveLocalExpense" tests="2" failures="0" timestamp="2020-02-01T13:43:59 IST" time="124.161" errors="0">
  <testcase name="testSteps" time="62.980" classname="TestCases.ApproveLocalExpense"/>
  <testcase name="testSteps" time="61.181" classname="TestCases.ApproveLocalExpense"/>
</testsuite> <!-- TestCases.ApproveLocalExpense -->
