<?xml version="1.0" encoding="UTF-8"?>
<!-- Generated by org.testng.reporters.JUnitReportReporter -->
<testsuite skipped="0" hostname="DESKTOP-IGMOA06" name="TestCases.ApplyAdvance" tests="1" failures="0" timestamp="2020-02-04T15:55:00 IST" time="20.193" errors="0">
  <testcase name="testSteps" time="20.193" classname="TestCases.ApplyAdvance"/>
</testsuite> <!-- TestCases.ApplyAdvance -->
