<?xml version="1.0" encoding="UTF-8"?>
<!-- Generated by org.testng.reporters.JUnitReportReporter -->
<testsuite skipped="0" hostname="user-2" name="TestCases.SubmitDailyExpense" tests="1" failures="0" timestamp="07 Dec 2019 05:48:20 GMT" time="27.881" errors="0">
  <testcase name="testSteps" time="27.881" classname="TestCases.SubmitDailyExpense"/>
</testsuite> <!-- TestCases.SubmitDailyExpense -->
