<?xml version="1.0" encoding="UTF-8"?>
<!-- Generated by org.testng.reporters.JUnitReportReporter -->
<testsuite skipped="0" hostname="DESKTOP-IGMOA06" name="TestCases.EditRedchilliesTravelClaim" tests="1" failures="0" timestamp="2020-02-12T13:50:16 IST" time="74.207" errors="0">
  <testcase name="testSteps" time="74.207" classname="TestCases.EditRedchilliesTravelClaim"/>
</testsuite> <!-- TestCases.EditRedchilliesTravelClaim -->
