<?xml version="1.0" encoding="UTF-8"?>
<!-- Generated by org.testng.reporters.JUnitReportReporter -->
<testsuite skipped="0" hostname="DESKTOP-IGMOA06" name="TestCases.DeleteRedchilliesTravelClaim" tests="1" failures="0" timestamp="2020-02-10T14:18:15 IST" time="66.138" errors="0">
  <testcase name="testSteps" time="66.138" classname="TestCases.DeleteRedchilliesTravelClaim"/>
</testsuite> <!-- TestCases.DeleteRedchilliesTravelClaim -->
