<?xml version="1.0" encoding="UTF-8"?>
<!-- Generated by org.testng.reporters.JUnitReportReporter -->
<testsuite skipped="0" hostname="DESKTOP-IGMOA06" name="TestCases.InvoicesubmissionOninvoicestatus" tests="1" failures="0" timestamp="2020-02-11T16:23:33 IST" time="25.159" errors="0">
  <testcase name="testSteps" time="25.159" classname="TestCases.InvoicesubmissionOninvoicestatus"/>
</testsuite> <!-- TestCases.InvoicesubmissionOninvoicestatus -->
