<?xml version="1.0" encoding="UTF-8"?>
<!-- Generated by org.testng.reporters.JUnitReportReporter -->
<testsuite skipped="0" hostname="DESKTOP-IGMOA06" name="TestCases.ApproveMobileExpense" tests="2" failures="0" timestamp="2020-02-01T13:21:00 IST" time="125.890" errors="0">
  <testcase name="testSteps" time="62.712" classname="TestCases.ApproveMobileExpense"/>
  <testcase name="testSteps" time="63.178" classname="TestCases.ApproveMobileExpense"/>
</testsuite> <!-- TestCases.ApproveMobileExpense -->
