<?xml version="1.0" encoding="UTF-8"?>
<!-- Generated by org.testng.reporters.JUnitReportReporter -->
<testsuite skipped="0" hostname="DESKTOP-IGMOA06" name="TestCases.EditInvoiceDetails" tests="1" failures="0" timestamp="2020-02-11T15:56:03 IST" time="34.467" errors="0">
  <testcase name="testSteps" time="34.467" classname="TestCases.EditInvoiceDetails"/>
</testsuite> <!-- TestCases.EditInvoiceDetails -->
