<?xml version="1.0" encoding="UTF-8"?>
<!-- Generated by org.testng.reporters.JUnitReportReporter -->
<testsuite skipped="0" hostname="DESKTOP-IGMOA06" name="TestCases.EditRedchilliesfoodexpense" tests="1" failures="0" timestamp="2020-02-21T15:43:35 IST" time="67.819" errors="0">
  <testcase name="testSteps" time="67.819" classname="TestCases.EditRedchilliesfoodexpense"/>
</testsuite> <!-- TestCases.EditRedchilliesfoodexpense -->
