<?xml version="1.0" encoding="UTF-8"?>
<!-- Generated by org.testng.reporters.JUnitReportReporter -->
<testsuite skipped="0" hostname="user-2" name="TestCases.ClosePOfunctioanlity" tests="1" failures="0" timestamp="04 Jan 2020 07:26:42 GMT" time="8.721" errors="0">
  <testcase name="testSteps" time="8.721" classname="TestCases.ClosePOfunctioanlity"/>
</testsuite> <!-- TestCases.ClosePOfunctioanlity -->
