<?xml version="1.0" encoding="UTF-8"?>
<!-- Generated by org.testng.reporters.JUnitReportReporter -->
<testsuite skipped="0" hostname="DESKTOP-IGMOA06" name="TestCases.API_Test" tests="1" failures="0" timestamp="2020-01-31T12:36:57 IST" time="6.454" errors="0">
  <testcase name="testSteps" time="6.454" classname="TestCases.API_Test"/>
</testsuite> <!-- TestCases.API_Test -->
