<?xml version="1.0" encoding="UTF-8"?>
<!-- Generated by org.testng.reporters.JUnitReportReporter -->
<testsuite skipped="0" hostname="DESKTOP-IGMOA06" name="TestCases.GetApiTest" tests="1" failures="0" timestamp="2020-07-23T12:39:12 IST" time="0.980" errors="0">
  <testcase name="testSteps" time="0.980" classname="TestCases.GetApiTest"/>
</testsuite> <!-- TestCases.GetApiTest -->
