<?xml version="1.0" encoding="UTF-8"?>
<!-- Generated by org.testng.reporters.JUnitReportReporter -->
<testsuite skipped="0" hostname="Lenovo" name="TestCases.anywebsite" tests="1" failures="0" timestamp="07 Feb 2019 09:14:18 GMT" time="19.316" errors="0">
  <testcase name="test" time="19.316" classname="TestCases.anywebsite"/>
</testsuite> <!-- TestCases.anywebsite -->
