<?xml version="1.0" encoding="UTF-8"?>
<!-- Generated by org.testng.reporters.JUnitReportReporter -->
<testsuite skipped="0" hostname="DESKTOP-IGMOA06" name="TestCases.SubmitInvoice" tests="1" failures="0" timestamp="2020-02-11T16:27:56 IST" time="26.107" errors="0">
  <testcase name="testSteps" time="26.107" classname="TestCases.SubmitInvoice"/>
</testsuite> <!-- TestCases.SubmitInvoice -->
