<?xml version="1.0" encoding="UTF-8"?>
<!-- Generated by org.testng.reporters.JUnitReportReporter -->
<testsuite skipped="0" hostname="DESKTOP-IGMOA06" name="TestCases.dragndrop" tests="1" failures="0" timestamp="2020-05-03T14:19:13 IST" time="23.213" errors="0">
  <testcase name="testSteps" time="23.213" classname="TestCases.dragndrop"/>
</testsuite> <!-- TestCases.dragndrop -->
