<?xml version="1.0" encoding="UTF-8"?>
<!-- Generated by org.testng.reporters.JUnitReportReporter -->
<testsuite skipped="0" hostname="DESKTOP-IGMOA06" name="TestCases.CreateVendor" tests="2" failures="0" timestamp="2020-02-11T11:58:38 IST" time="46.920" errors="0">
  <testcase name="testSteps" time="20.070" classname="TestCases.CreateVendor"/>
  <testcase name="testSteps" time="26.850" classname="TestCases.CreateVendor"/>
</testsuite> <!-- TestCases.CreateVendor -->
