<?xml version="1.0" encoding="UTF-8"?>
<!-- Generated by org.testng.reporters.JUnitReportReporter -->
<testsuite skipped="0" hostname="DESKTOP-IGMOA06" name="TestCases.ApproveLandlineExpense" tests="2" failures="0" timestamp="2020-02-01T13:48:21 IST" time="100.870" errors="0">
  <testcase name="testSteps" time="51.781" classname="TestCases.ApproveLandlineExpense"/>
  <testcase name="testSteps" time="49.089" classname="TestCases.ApproveLandlineExpense"/>
</testsuite> <!-- TestCases.ApproveLandlineExpense -->
