<?xml version="1.0" encoding="UTF-8"?>
<!-- Generated by org.testng.reporters.JUnitReportReporter -->
<testsuite skipped="0" hostname="DESKTOP-IGMOA06" name="TestCases.CreateInvoice" tests="2" failures="0" timestamp="2020-02-11T15:50:43 IST" time="81.079" errors="0">
  <testcase name="testSteps" time="56.704" classname="TestCases.CreateInvoice"/>
  <testcase name="testSteps" time="24.375" classname="TestCases.CreateInvoice"/>
</testsuite> <!-- TestCases.CreateInvoice -->
