<?xml version="1.0" encoding="UTF-8"?>
<!-- Generated by org.testng.reporters.JUnitReportReporter -->
<testsuite skipped="0" hostname="DESKTOP-IGMOA06" name="TestCases.RedchilliesfoodCopartenerApprovalProcess" tests="1" failures="0" timestamp="2020-02-10T12:35:34 IST" time="37.303" errors="0">
  <testcase name="testSteps" time="37.303" classname="TestCases.RedchilliesfoodCopartenerApprovalProcess"/>
</testsuite> <!-- TestCases.RedchilliesfoodCopartenerApprovalProcess -->
