<?xml version="1.0" encoding="UTF-8"?>
<!-- Generated by org.testng.reporters.JUnitReportReporter -->
<testsuite skipped="0" hostname="DESKTOP-IGMOA06" name="TestCases.ReopenRedchilliesTravelclaim" tests="1" failures="0" timestamp="2020-02-10T12:57:28 IST" time="57.725" errors="0">
  <testcase name="testSteps" time="57.725" classname="TestCases.ReopenRedchilliesTravelclaim"/>
</testsuite> <!-- TestCases.ReopenRedchilliesTravelclaim -->
