<?xml version="1.0" encoding="UTF-8"?>
<!-- Generated by org.testng.reporters.JUnitReportReporter -->
<testsuite skipped="0" hostname="DESKTOP-IGMOA06" name="TestCases.ApplyEstimationactivity" tests="2" failures="0" timestamp="2020-06-16T17:49:40 IST" time="101.560" errors="0">
  <testcase name="testSteps" time="51.818" classname="TestCases.ApplyEstimationactivity"/>
  <testcase name="testSteps" time="49.742" classname="TestCases.ApplyEstimationactivity"/>
</testsuite> <!-- TestCases.ApplyEstimationactivity -->
