<?xml version="1.0" encoding="UTF-8"?>
<!-- Generated by org.testng.reporters.JUnitReportReporter -->
<testsuite skipped="0" hostname="DESKTOP-IGMOA06" name="TestCases.ReopenLeaveApplication" tests="1" failures="0" timestamp="2020-06-16T15:17:53 IST" time="57.032" errors="0">
  <testcase name="testSteps" time="57.032" classname="TestCases.ReopenLeaveApplication"/>
</testsuite> <!-- TestCases.ReopenLeaveApplication -->
