<?xml version="1.0" encoding="UTF-8"?>
<!-- Generated by org.testng.reporters.JUnitReportReporter -->
<testsuite skipped="0" hostname="DESKTOP-IGMOA06" name="TestCases.ReopenAdvanceClaim" tests="1" failures="0" timestamp="2020-02-04T17:04:53 IST" time="60.000" errors="0">
  <testcase name="testSteps" time="60.000" classname="TestCases.ReopenAdvanceClaim"/>
</testsuite> <!-- TestCases.ReopenAdvanceClaim -->
