<?xml version="1.0" encoding="UTF-8"?>
<!-- Generated by org.testng.reporters.JUnitReportReporter -->
<testsuite skipped="0" hostname="DESKTOP-IGMOA06" name="TestCases.DeleteFoodExpense" tests="1" failures="0" timestamp="2020-02-11T17:44:32 IST" time="47.965" errors="0">
  <testcase name="testSteps" time="47.965" classname="TestCases.DeleteFoodExpense"/>
</testsuite> <!-- TestCases.DeleteFoodExpense -->
