<?xml version="1.0" encoding="UTF-8"?>
<!-- Generated by org.testng.reporters.JUnitReportReporter -->
<testsuite skipped="0" hostname="DESKTOP-IGMOA06" name="TestCases.DeleteAdvanceClaim" tests="1" failures="0" timestamp="2020-02-04T16:55:27 IST" time="55.636" errors="0">
  <testcase name="testSteps" time="55.636" classname="TestCases.DeleteAdvanceClaim"/>
</testsuite> <!-- TestCases.DeleteAdvanceClaim -->
