<?xml version="1.0" encoding="UTF-8"?>
<!-- Generated by org.testng.reporters.JUnitReportReporter -->
<testsuite skipped="0" hostname="user-2" name="TestCases.DeleteDailyExpense" tests="1" failures="0" timestamp="11 Dec 2019 05:39:48 GMT" time="21.157" errors="0">
  <testcase name="testSteps" time="21.157" classname="TestCases.DeleteDailyExpense"/>
</testsuite> <!-- TestCases.DeleteDailyExpense -->
