<?xml version="1.0" encoding="UTF-8"?>
<!-- Generated by org.testng.reporters.JUnitReportReporter -->
<testsuite skipped="0" hostname="DESKTOP-IGMOA06" name="TestCases.ArtistApplyClaim" tests="1" failures="0" timestamp="2020-02-10T11:54:14 IST" time="40.709" errors="0">
  <testcase name="testSteps" time="40.709" classname="TestCases.ArtistApplyClaim"/>
</testsuite> <!-- TestCases.ArtistApplyClaim -->
