<?xml version="1.0" encoding="UTF-8"?>
<!-- Generated by org.testng.reporters.JUnitReportReporter -->
<testsuite skipped="0" hostname="DESKTOP-IGMOA06" name="TestCases.SettleInvoice" tests="2" failures="0" timestamp="2020-02-14T12:10:07 IST" time="77.199" errors="0">
  <testcase name="testSteps" time="34.436" classname="TestCases.SettleInvoice"/>
  <testcase name="testSteps" time="42.763" classname="TestCases.SettleInvoice"/>
</testsuite> <!-- TestCases.SettleInvoice -->
