<?xml version="1.0" encoding="UTF-8"?>
<!-- Generated by org.testng.reporters.JUnitReportReporter -->
<testsuite skipped="0" hostname="DESKTOP-IGMOA06" name="TestCases.deleteActualActivity" tests="1" failures="0" timestamp="2020-06-16T17:18:26 IST" time="59.770" errors="0">
  <testcase name="testSteps" time="59.770" classname="TestCases.deleteActualActivity"/>
</testsuite> <!-- TestCases.deleteActualActivity -->
