<?xml version="1.0" encoding="UTF-8"?>
<!-- Generated by org.testng.reporters.JUnitReportReporter -->
<testsuite skipped="0" hostname="user-2" name="TestCases.ApproveDailyExpense" tests="1" failures="0" timestamp="11 Dec 2019 09:35:27 GMT" time="58.348" errors="0">
  <testcase name="testSteps" time="58.348" classname="TestCases.ApproveDailyExpense"/>
</testsuite> <!-- TestCases.ApproveDailyExpense -->
