<?xml version="1.0" encoding="UTF-8"?>
<!-- Generated by org.testng.reporters.JUnitReportReporter -->
<testsuite skipped="0" hostname="DESKTOP-IGMOA06" name="TestCases.ApproveHotelExpense" tests="2" failures="0" timestamp="2020-02-01T13:53:13 IST" time="118.863" errors="0">
  <testcase name="testSteps" time="60.091" classname="TestCases.ApproveHotelExpense"/>
  <testcase name="testSteps" time="58.772" classname="TestCases.ApproveHotelExpense"/>
</testsuite> <!-- TestCases.ApproveHotelExpense -->
