<?xml version="1.0" encoding="UTF-8"?>
<!-- Generated by org.testng.reporters.JUnitReportReporter -->
<testsuite skipped="0" hostname="user-2" name="TestCases.ReopenInvoice" tests="1" failures="0" timestamp="28 Jan 2020 10:00:51 GMT" time="51.085" errors="0">
  <testcase name="testSteps" time="51.085" classname="TestCases.ReopenInvoice"/>
</testsuite> <!-- TestCases.ReopenInvoice -->
