<?xml version="1.0" encoding="UTF-8"?>
<!-- Generated by org.testng.reporters.JUnitReportReporter -->
<testsuite skipped="0" hostname="DESKTOP-IGMOA06" name="TestCases.EditVendor" tests="1" failures="0" timestamp="2020-02-11T12:49:41 IST" time="54.244" errors="0">
  <testcase name="testSteps" time="54.244" classname="TestCases.EditVendor"/>
</testsuite> <!-- TestCases.EditVendor -->
