<?xml version="1.0" encoding="UTF-8"?>
<!-- Generated by org.testng.reporters.JUnitReportReporter -->
<testsuite skipped="0" hostname="DESKTOP-IGMOA06" name="TestCases.RedchilliesReopenFoodArtist" tests="1" failures="0" timestamp="2020-02-10T12:52:42 IST" time="51.815" errors="0">
  <testcase name="testSteps" time="51.815" classname="TestCases.RedchilliesReopenFoodArtist"/>
</testsuite> <!-- TestCases.RedchilliesReopenFoodArtist -->
