<?xml version="1.0" encoding="UTF-8"?>
<!-- Generated by org.testng.reporters.JUnitReportReporter -->
<testsuite skipped="0" hostname="DESKTOP-IGMOA06" name="TestCases.RedchilliesTravelApprovalprocess" tests="1" failures="0" timestamp="2020-02-10T12:54:36 IST" time="43.205" errors="0">
  <testcase name="testSteps" time="43.205" classname="TestCases.RedchilliesTravelApprovalprocess"/>
</testsuite> <!-- TestCases.RedchilliesTravelApprovalprocess -->
