<?xml version="1.0" encoding="UTF-8"?>
<!-- Generated by org.testng.reporters.JUnitReportReporter -->
<testsuite skipped="0" hostname="DESKTOP-IGMOA06" name="TestCases.ApproveFoodExpense" tests="2" failures="0" timestamp="2020-02-01T14:08:15 IST" time="119.996" errors="0">
  <testcase name="testSteps" time="60.172" classname="TestCases.ApproveFoodExpense"/>
  <testcase name="testSteps" time="59.824" classname="TestCases.ApproveFoodExpense"/>
</testsuite> <!-- TestCases.ApproveFoodExpense -->
