<?xml version="1.0" encoding="UTF-8"?>
<!-- Generated by org.testng.reporters.JUnitReportReporter -->
<testsuite skipped="0" hostname="user-2" name="TestCases.RedchilliesfoodApprovalProcess" tests="1" failures="0" timestamp="20 Sep 2019 06:08:06 GMT" time="29.194" errors="0">
  <testcase name="testSteps" time="29.194" classname="TestCases.RedchilliesfoodApprovalProcess"/>
</testsuite> <!-- TestCases.RedchilliesfoodApprovalProcess -->
